# JRE version: OpenJDK Runtime Environment (8.0_152-b01) (build 1.8.0_152-release-1024-b01)
# Java VM: OpenJDK 64-Bit Server VM (25.152-b01 mixed mode linux-amd64 compressed oops)
Heap:
 PSYoungGen      total 375296K, used 233720K [0x00000000e0000000, 0x00000000fd680000, 0x0000000100000000)
  eden space 333824K, 67% used [0x00000000e0000000,0x00000000edc6a220,0x00000000f4600000)
  from space 41472K, 19% used [0x00000000f4600000,0x00000000f4dd4050,0x00000000f6e80000)
  to   space 39936K, 0% used [0x00000000faf80000,0x00000000faf80000,0x00000000fd680000)
 ParOldGen       total 175616K, used 59227K [0x00000000a0000000, 0x00000000aab80000, 0x00000000e0000000)
  object space 175616K, 33% used [0x00000000a0000000,0x00000000a39d6f70,0x00000000aab80000)
 Metaspace       used 102612K, capacity 110094K, committed 110336K, reserved 1144832K
  class space    used 13387K, capacity 14824K, committed 14848K, reserved 1048576K
GC Heap History (10 events):
Event: 10885.671 GC heap before
{Heap before GC invocations=17 (full 3):
 PSYoungGen      total 246272K, used 45233K [0x00000000e0000000, 0x00000000f2600000, 0x0000000100000000)
  eden space 211968K, 5% used [0x00000000e0000000,0x00000000e0b04208,0x00000000ecf00000)
  from space 34304K, 98% used [0x00000000efa80000,0x00000000f1ba8410,0x00000000f1c00000)
  to   space 10240K, 0% used [0x00000000f1c00000,0x00000000f1c00000,0x00000000f2600000)
 ParOldGen       total 139776K, used 44155K [0x00000000a0000000, 0x00000000a8880000, 0x00000000e0000000)
  object space 139776K, 31% used [0x00000000a0000000,0x00000000a2b1ed70,0x00000000a8880000)
 Metaspace       used 93969K, capacity 98168K, committed 98304K, reserved 1134592K
  class space    used 12257K, capacity 13210K, committed 13312K, reserved 1048576K
Event: 10885.749 GC heap after
Heap after GC invocations=17 (full 3):
 PSYoungGen      total 258048K, used 10228K [0x00000000e0000000, 0x00000000f7280000, 0x0000000100000000)
  eden space 247808K, 0% used [0x00000000e0000000,0x00000000e0000000,0x00000000ef200000)
  from space 10240K, 99% used [0x00000000f1c00000,0x00000000f25fd098,0x00000000f2600000)
  to   space 43008K, 0% used [0x00000000ef200000,0x00000000ef200000,0x00000000f1c00000)
 ParOldGen       total 139776K, used 65619K [0x00000000a0000000, 0x00000000a8880000, 0x00000000e0000000)
  object space 139776K, 46% used [0x00000000a0000000,0x00000000a4014c68,0x00000000a8880000)
 Metaspace       used 93969K, capacity 98168K, committed 98304K, reserved 1134592K
  class space    used 12257K, capacity 13210K, committed 13312K, reserved 1048576K
}
Event: 10885.769 GC heap before
{Heap before GC invocations=18 (full 4):
 PSYoungGen      total 258048K, used 10228K [0x00000000e0000000, 0x00000000f7280000, 0x0000000100000000)
  eden space 247808K, 0% used [0x00000000e0000000,0x00000000e0000000,0x00000000ef200000)
  from space 10240K, 99% used [0x00000000f1c00000,0x00000000f25fd098,0x00000000f2600000)
  to   space 43008K, 0% used [0x00000000ef200000,0x00000000ef200000,0x00000000f1c00000)
 ParOldGen       total 139776K, used 65619K [0x00000000a0000000, 0x00000000a8880000, 0x00000000e0000000)
  object space 139776K, 46% used [0x00000000a0000000,0x00000000a4014c68,0x00000000a8880000)
 Metaspace       used 93969K, capacity 98168K, committed 98304K, reserved 1134592K
  class space    used 12257K, capacity 13210K, committed 13312K, reserved 1048576K
Event: 10886.088 GC heap after
Heap after GC invocations=18 (full 4):
 PSYoungGen      total 258048K, used 0K [0x00000000e0000000, 0x00000000f7280000, 0x0000000100000000)
  eden space 247808K, 0% used [0x00000000e0000000,0x00000000e0000000,0x00000000ef200000)
  from space 10240K, 0% used [0x00000000f1c00000,0x00000000f1c00000,0x00000000f2600000)
  to   space 43008K, 0% used [0x00000000ef200000,0x00000000ef200000,0x00000000f1c00000)
 ParOldGen       total 175616K, used 59203K [0x00000000a0000000, 0x00000000aab80000, 0x00000000e0000000)
  object space 175616K, 33% used [0x00000000a0000000,0x00000000a39d0f70,0x00000000aab80000)
 Metaspace       used 93482K, capacity 97308K, committed 98304K, reserved 1134592K
  class space    used 12173K, capacity 13060K, committed 13312K, reserved 1048576K
}
Event: 10889.392 GC heap before
{Heap before GC invocations=19 (full 4):
 PSYoungGen      total 258048K, used 247263K [0x00000000e0000000, 0x00000000f7280000, 0x0000000100000000)
  eden space 247808K, 99% used [0x00000000e0000000,0x00000000ef177e70,0x00000000ef200000)
  from space 10240K, 0% used [0x00000000f1c00000,0x00000000f1c00000,0x00000000f2600000)
  to   space 43008K, 0% used [0x00000000ef200000,0x00000000ef200000,0x00000000f1c00000)
 ParOldGen       total 175616K, used 59203K [0x00000000a0000000, 0x00000000aab80000, 0x00000000e0000000)
  object space 175616K, 33% used [0x00000000a0000000,0x00000000a39d0f70,0x00000000aab80000)
 Metaspace       used 98184K, capacity 102816K, committed 102912K, reserved 1138688K
  class space    used 12828K, capacity 13810K, committed 13824K, reserved 1048576K
Event: 10889.411 GC heap after
Heap after GC invocations=19 (full 4):
 PSYoungGen      total 290816K, used 10448K [0x00000000e0000000, 0x00000000fa100000, 0x0000000100000000)
  eden space 247808K, 0% used [0x00000000e0000000,0x00000000e0000000,0x00000000ef200000)
  from space 43008K, 24% used [0x00000000ef200000,0x00000000efc342e8,0x00000000f1c00000)
  to   space 41472K, 0% used [0x00000000f7880000,0x00000000f7880000,0x00000000fa100000)
 ParOldGen       total 175616K, used 59211K [0x00000000a0000000, 0x00000000aab80000, 0x00000000e0000000)
  object space 175616K, 33% used [0x00000000a0000000,0x00000000a39d2f70,0x00000000aab80000)
 Metaspace       used 98184K, capacity 102816K, committed 102912K, reserved 1138688K
  class space    used 12828K, capacity 13810K, committed 13824K, reserved 1048576K
}
Event: 11356.589 GC heap before
{Heap before GC invocations=20 (full 4):
 PSYoungGen      total 290816K, used 258256K [0x00000000e0000000, 0x00000000fa100000, 0x0000000100000000)
  eden space 247808K, 100% used [0x00000000e0000000,0x00000000ef200000,0x00000000ef200000)
  from space 43008K, 24% used [0x00000000ef200000,0x00000000efc342e8,0x00000000f1c00000)
  to   space 41472K, 0% used [0x00000000f7880000,0x00000000f7880000,0x00000000fa100000)
 ParOldGen       total 175616K, used 59211K [0x00000000a0000000, 0x00000000aab80000, 0x00000000e0000000)
  object space 175616K, 33% used [0x00000000a0000000,0x00000000a39d2f70,0x00000000aab80000)
 Metaspace       used 99483K, capacity 104618K, committed 104704K, reserved 1140736K
  class space    used 13010K, capacity 14067K, committed 14080K, reserved 1048576K
Event: 11356.639 GC heap after
Heap after GC invocations=20 (full 4):
 PSYoungGen      total 365056K, used 4560K [0x00000000e0000000, 0x00000000f9700000, 0x0000000100000000)
  eden space 333824K, 0% used [0x00000000e0000000,0x00000000e0000000,0x00000000f4600000)
  from space 31232K, 14% used [0x00000000f7880000,0x00000000f7cf4030,0x00000000f9700000)
  to   space 41472K, 0% used [0x00000000f4600000,0x00000000f4600000,0x00000000f6e80000)
 ParOldGen       total 175616K, used 59219K [0x00000000a0000000, 0x00000000aab80000, 0x00000000e0000000)
  object space 175616K, 33% used [0x00000000a0000000,0x00000000a39d4f70,0x00000000aab80000)
 Metaspace       used 99483K, capacity 104618K, committed 104704K, reserved 1140736K
  class space    used 13010K, capacity 14067K, committed 14080K, reserved 1048576K
}
Event: 11563.622 GC heap before
{Heap before GC invocations=21 (full 4):
 PSYoungGen      total 365056K, used 338384K [0x00000000e0000000, 0x00000000f9700000, 0x0000000100000000)
  eden space 333824K, 100% used [0x00000000e0000000,0x00000000f4600000,0x00000000f4600000)
  from space 31232K, 14% used [0x00000000f7880000,0x00000000f7cf4030,0x00000000f9700000)
  to   space 41472K, 0% used [0x00000000f4600000,0x00000000f4600000,0x00000000f6e80000)
 ParOldGen       total 175616K, used 59219K [0x00000000a0000000, 0x00000000aab80000, 0x00000000e0000000)
  object space 175616K, 33% used [0x00000000a0000000,0x00000000a39d4f70,0x00000000aab80000)
 Metaspace       used 100995K, capacity 106946K, committed 107008K, reserved 1142784K
  class space    used 13133K, capacity 14331K, committed 14336K, reserved 1048576K
Event: 11563.670 GC heap after
Heap after GC invocations=21 (full 4):
 PSYoungGen      total 375296K, used 8016K [0x00000000e0000000, 0x00000000fd680000, 0x0000000100000000)
  eden space 333824K, 0% used [0x00000000e0000000,0x00000000e0000000,0x00000000f4600000)
  from space 41472K, 19% used [0x00000000f4600000,0x00000000f4dd4050,0x00000000f6e80000)
  to   space 39936K, 0% used [0x00000000faf80000,0x00000000faf80000,0x00000000fd680000)
 ParOldGen       total 175616K, used 59227K [0x00000000a0000000, 0x00000000aab80000, 0x00000000e0000000)
  object space 175616K, 33% used [0x00000000a0000000,0x00000000a39d6f70,0x00000000aab80000)
 Metaspace       used 100995K, capacity 106946K, committed 107008K, reserved 1142784K
  class space    used 13133K, capacity 14331K, committed 14336K, reserved 1048576K
}

